<?xml version="1.0" encoding="UTF-8"?>
<!-- Generated by org.testng.reporters.JUnitReportReporter -->
<testsuite hostname="DESKTOP-0V1L90D" failures="0" tests="2" name="com.nopcommerce.testcases.TC_LoginTest_001" time="47.595" errors="0" timestamp="14 Jan 2022 17:35:40 GMT" skipped="0">
  <testcase classname="com.nopcommerce.testcases.TC_LoginTest_001" name="LoginTest" time="24.285"/>
  <testcase classname="com.nopcommerce.testcases.TC_LoginTest_001" name="LoginTest" time="23.310"/>
</testsuite> <!-- com.nopcommerce.testcases.TC_LoginTest_001 -->
